{
  "uid" : "673c29bd8f29b31b",
  "name" : "注册手机号获取验证码",
  "fullName" : "test_case.usercenter.test_user.TestUser#test_send_code",
  "historyId" : "a1b5580102f67c8a9a030218a443f6c6",
  "time" : {
    "start" : 1671380864906,
    "stop" : 1671380864985,
    "duration" : 79
  },
  "status" : "failed",
  "statusMessage" : "AssertionError: assert '15397919581' in ['距离上次发送未超过1分钟']",
  "statusTrace" : "self = <test_case.usercenter.test_user.TestUser object at 0x00000208229639A0>\ndatas = {'expected': '15397919581', 'mobile': '15397919581'}\n\n    @allure.story(\"用户注册获取验证码\")\n    @allure.title(\"注册手机号获取验证码\")\n    @pytest.mark.parametrize(\"datas\", data['test_send_code'])\n    def test_send_code(self, datas):\n        result = send_code(datas['mobile'])\n        assert result.success is True\n>       assert datas['expected'] in result.body['mobile']\nE       AssertionError: assert '15397919581' in ['距离上次发送未超过1分钟']\n\ntest_case\\usercenter\\test_user.py:32: AssertionError",
  "flaky" : false,
  "beforeStages" : [ {
    "name" : "get_token",
    "time" : {
      "start" : 1671380861687,
      "stop" : 1671380861871,
      "duration" : 184
    },
    "status" : "passed",
    "steps" : [ ],
    "attachments" : [ ],
    "parameters" : [ ],
    "attachmentsCount" : 0,
    "shouldDisplayMessage" : false,
    "stepsCount" : 0,
    "hasContent" : false
  } ],
  "testStage" : {
    "status" : "failed",
    "statusMessage" : "AssertionError: assert '15397919581' in ['距离上次发送未超过1分钟']",
    "statusTrace" : "self = <test_case.usercenter.test_user.TestUser object at 0x00000208229639A0>\ndatas = {'expected': '15397919581', 'mobile': '15397919581'}\n\n    @allure.story(\"用户注册获取验证码\")\n    @allure.title(\"注册手机号获取验证码\")\n    @pytest.mark.parametrize(\"datas\", data['test_send_code'])\n    def test_send_code(self, datas):\n        result = send_code(datas['mobile'])\n        assert result.success is True\n>       assert datas['expected'] in result.body['mobile']\nE       AssertionError: assert '15397919581' in ['距离上次发送未超过1分钟']\n\ntest_case\\usercenter\\test_user.py:32: AssertionError",
    "steps" : [ ],
    "attachments" : [ {
      "uid" : "6616acc18af808f0",
      "name" : "stdout",
      "source" : "6616acc18af808f0.txt",
      "type" : "text/plain",
      "size" : 522
    } ],
    "parameters" : [ ],
    "attachmentsCount" : 1,
    "shouldDisplayMessage" : true,
    "stepsCount" : 0,
    "hasContent" : true
  },
  "afterStages" : [ ],
  "labels" : [ {
    "name" : "feature",
    "value" : "用户中心模块"
  }, {
    "name" : "story",
    "value" : "用户注册获取验证码"
  }, {
    "name" : "parentSuite",
    "value" : "test_case.usercenter"
  }, {
    "name" : "suite",
    "value" : "test_user"
  }, {
    "name" : "subSuite",
    "value" : "TestUser"
  }, {
    "name" : "host",
    "value" : "xiaoma"
  }, {
    "name" : "thread",
    "value" : "303052-MainThread"
  }, {
    "name" : "framework",
    "value" : "pytest"
  }, {
    "name" : "language",
    "value" : "cpython3"
  }, {
    "name" : "package",
    "value" : "test_case.usercenter.test_user"
  }, {
    "name" : "resultFormat",
    "value" : "allure2"
  } ],
  "parameters" : [ {
    "name" : "datas",
    "value" : "{'mobile': '15397919581', 'expected': '15397919581'}"
  } ],
  "links" : [ ],
  "hidden" : false,
  "retry" : false,
  "extra" : {
    "severity" : "normal",
    "retries" : [ ],
    "categories" : [ {
      "name" : "Product defects",
      "matchedStatuses" : [ ],
      "flaky" : false
    } ],
    "tags" : [ ]
  },
  "source" : "673c29bd8f29b31b.json",
  "parameterValues" : [ "{'mobile': '15397919581', 'expected': '15397919581'}" ]
}